<?xml version="1.0" encoding="UTF-8"?>
<!-- Generated by org.testng.reporters.JUnitXMLReporter -->
<testsuite ignored="0" hostname="DESKTOP-FJE3I04" failures="0" tests="4" name="Default test" time="62.063" errors="0" timestamp="2025-11-17T09:56:07 IST">
  <testcase classname="tests.PortalLoginTest" name="invalidLoginTest1" time="5.402"/>
  <testcase classname="tests.PortalLoginTest" name="invalidLoginTest2" time="4.764"/>
  <testcase classname="tests.PortalLoginTest" name="invalidLoginTest3" time="3.603"/>
  <testcase classname="tests.PortalLoginTest" name="ValidloginTest" time="15.833"/>
</testsuite> <!-- Default test -->
