<?xml version="1.0" encoding="UTF-8"?>
<!-- Generated by org.testng.reporters.JUnitXMLReporter -->
<testsuite ignored="0" hostname="DESKTOP-FJE3I04" failures="0" tests="4" name="Default test" time="30.429" errors="0" timestamp="2025-11-13T14:50:18 IST">
  <testcase classname="tests.PortalLoginTest" name="invalidLoginTest1" time="0.987"/>
  <testcase classname="tests.PortalLoginTest" name="invalidLoginTest2" time="5.609"/>
  <testcase classname="tests.PortalLoginTest" name="invalidLoginTest3" time="4.368"/>
  <testcase classname="tests.PortalLoginTest" name="ValidloginTest" time="10.862"/>
</testsuite> <!-- Default test -->
