<?xml version="1.0" encoding="UTF-8"?>
<!-- Generated by org.testng.reporters.JUnitXMLReporter -->
<testsuite ignored="0" hostname="DESKTOP-FJE3I04" failures="0" tests="4" name="Test" time="67.574" errors="0" timestamp="2025-11-17T12:52:51 IST">
  <testcase classname="tests.PortalLoginTest" name="invalidLoginTest1" time="7.792"/>
  <testcase classname="tests.PortalLoginTest" name="invalidLoginTest2" time="10.367"/>
  <testcase classname="tests.PortalLoginTest" name="invalidLoginTest3" time="1.388"/>
  <testcase classname="tests.PortalLoginTest" name="ValidloginTest" time="19.034"/>
</testsuite> <!-- Test -->
