<?xml version="1.0" encoding="UTF-8"?>
<!-- Generated by org.testng.reporters.JUnitXMLReporter -->
<testsuite ignored="0" hostname="DESKTOP-FJE3I04" failures="1" tests="4" name="Test" time="37.292" errors="0" timestamp="2025-11-17T14:07:55 IST">
  <testcase classname="tests.PortalLoginTest" name="invalidLoginTest1" time="6.997"/>
  <testcase classname="tests.PortalLoginTest" name="invalidLoginTest2" time="2.286"/>
  <testcase classname="tests.PortalLoginTest" name="invalidLoginTest3" time="5.898"/>
  <testcase classname="tests.PortalLoginTest" name="ValidloginTest" time="2.113">
    <failure type="java.lang.AssertionError" message="Login failed or dashboard not reached. expected [true] but found [false]">
      <![CDATA[java.lang.AssertionError: Login failed or dashboard not reached. expected [true] but found [false]
at tests.PortalLoginTest.ValidloginTest(PortalLoginTest.java:77)
at java.base/java.util.ArrayList.forEach(ArrayList.java:1511)
... Removed 34 stack frames]]>
    </failure>
  </testcase> <!-- ValidloginTest -->
</testsuite> <!-- Test -->
