<?xml version="1.0" encoding="UTF-8"?>
<!-- Generated by org.testng.reporters.JUnitXMLReporter -->
<testsuite ignored="0" hostname="anums" failures="1" tests="38" name="Test" time="402.073" errors="0" timestamp="2026-05-19T15:29:38 IST">
  <testcase classname="tests.ServicesPage_Test" name="viewServices_Redirection" time="1.803"/>
  <testcase classname="tests.ServicesPage_Test" name="pagination" time="15.527"/>
  <testcase classname="tests.ServicesPage_Test" name="Add_Services_Redirection" time="1.472"/>
  <testcase classname="tests.ServicesPage_Test" name="viewDashboard_Redirection" time="3.097"/>
  <testcase classname="tests.ServicesPage_Test" name="viewServerManagement_Redirection" time="0.061"/>
  <testcase classname="tests.ServicesPage_Test" name="SeeMoreLink_ServerManagement_Redirection" time="2.595"/>
  <testcase classname="tests.ServicesPage_Test" name="ServerManagementMonitoringQuarterlyPlanCheck" time="30.471"/>
  <testcase classname="tests.ServicesPage_Test" name="ServerManagementMonitoringAnnuallyPlanCheck" time="34.302"/>
  <testcase classname="tests.ServicesPage_Test" name="SeeMoreLink_Limitless_Server_Management_Redirection" time="3.021"/>
  <testcase classname="tests.ServicesPage_Test" name="Limitless_Server_Management_QuarterlyPlanCheck" time="25.885"/>
  <testcase classname="tests.ServicesPage_Test" name="Limitless_Server_Management_AnnuallyPlanCheck" time="25.299"/>
  <testcase classname="tests.ServicesPage_Test" name="SeeMoreLink_Limitless_Priority_Support_Redirection" time="2.968"/>
  <testcase classname="tests.ServicesPage_Test" name="Limitless_Priority_Support_QuarterlyPlanCheck" time="25.203"/>
  <testcase classname="tests.ServicesPage_Test" name="Limitless_Priority_Support_AnnuallyPlanCheck" time="25.661"/>
  <testcase classname="tests.ServicesPage_Test" name="Vulnerability_ScanPlanCheck" time="22.683"/>
  <testcase classname="tests.ServicesPage_Test" name="Affordable_MonitoringPlanCheck" time="22.651"/>
  <testcase classname="tests.ServicesPage_Test" name="view_Outsourced_SupportRedirection" time="0.09"/>
  <testcase classname="tests.ServicesPage_Test" name="Request_A_quote_Dedicated_Support_Engineers_Redirection" time="3.282"/>
  <testcase classname="tests.ServicesPage_Test" name="RequestAQuote_Dedicated_Support_Engineers_SubjectDisplayCheck" time="0.021"/>
  <testcase classname="tests.ServicesPage_Test" name="RequestAQuote_Dedicated_Support_Engineers_MandatoryValidationCheck" time="2.784"/>
  <testcase classname="tests.ServicesPage_Test" name="RequestAQuote_Dedicated_Support_Engineers_FormSubmission" time="3.804"/>
  <testcase classname="tests.ServicesPage_Test" name="RequestAQuote_Dedicated_Support_Engineers_ViewTicket" time="2.056"/>
  <testcase classname="tests.ServicesPage_Test" name="Request_A_quote_DedicatedSupportTeamRedirection" time="4.35"/>
  <testcase classname="tests.ServicesPage_Test" name="RequestAQuote_Dedicated_Support_Team_Subject_MandatoryFieldCheck" time="2.324"/>
  <testcase classname="tests.ServicesPage_Test" name="RequestAQuote_Dedicated_Support_Team_FormSubmission" time="20.0"/>
  <testcase classname="tests.ServicesPage_Test" name="Request_A_quote_Semidedicated_SupportRedirection" time="4.893"/>
  <testcase classname="tests.ServicesPage_Test" name="RequestAQuote_Semidedicated_Support_Subject_MandatoryFieldCheck" time="2.343"/>
  <testcase classname="tests.ServicesPage_Test" name="RequestAQuote_Semidedicated_Support_FormSubmission" time="6.885"/>
  <testcase classname="tests.ServicesPage_Test" name="Request_A_quote_Shared_SupportRedirection" time="4.456"/>
  <testcase classname="tests.ServicesPage_Test" name="RequestAQuote_Shared_Support_Subject_MandatoryFieldCheck" time="2.24"/>
  <testcase classname="tests.ServicesPage_Test" name="RequestAQuote_Shared_Support_FormSubmission" time="6.064"/>
  <testcase classname="tests.ServicesPage_Test" name="Request_A_quote_Outsourced_Phone_SupportRedirection" time="3.846"/>
  <testcase classname="tests.ServicesPage_Test" name="Minutes_Per_Month_Outsourced_Phone_SupportCheck" time="22.639"/>
  <testcase classname="tests.ServicesPage_Test" name="Calls_Per_Month_Outsourced_Phone_SupportCheck" time="22.523"/>
  <testcase classname="tests.ServicesPage_Test" name="RequestAQuote_AllIn_One_Hosting_SupportRedirection" time="4.877"/>
  <testcase classname="tests.ServicesPage_Test" name="RequestAQuote_AllIn_One_Hosting_Subject_MandatoryFieldCheck" time="2.758"/>
  <testcase classname="tests.ServicesPage_Test" name="RequestAQuote_AllIn_One_Hosting_FormSubmission" time="6.802"/>
  <testcase classname="tests.ServicesPage_Test" name="view_CloudSupport_PlansRedirection" time="15.886">
    <failure type="org.openqa.selenium.TimeoutException" message="Expected condition failed: waiting for url to contain &amp;quot;https://portal.bobcares.com/plans&amp;quot;. Current url: &amp;quot;https://portal.bobcares.com/ticket-add&amp;quot; (tried for 10 second(s) with 500 milliseconds interval)
Build info: version: &amp;apos;4.29.0&amp;apos;, revision: &amp;apos;5fc1ec94cb&amp;apos;
System info: os.name: &amp;apos;Linux&amp;apos;, os.arch: &amp;apos;amd64&amp;apos;, os.version: &amp;apos;6.17.0-23-generic&amp;apos;, java.version: &amp;apos;21.0.10&amp;apos;
Driver info: org.openqa.selenium.chrome.ChromeDriver
Capabilities {acceptInsecureCerts: false, browserName: chrome, browserVersion: 126.0.6478.126, chrome: {chromedriverVersion: 126.0.6478.182 (5b5d8292ddf..., userDataDir: /tmp/.org.chromium.Chromium...}, fedcm:accounts: true, goog:chromeOptions: {debuggerAddress: localhost:46149}, networkConnectionEnabled: false, pageLoadStrategy: normal, platformName: linux, proxy: Proxy(), se:cdp: ws://localhost:46149/devtoo..., se:cdpVersion: 126.0.6478.126, setWindowRect: true, strictFileInteractability: false, timeouts: {implicit: 0, pageLoad: 300000, script: 30000}, unhandledPromptBehavior: dismiss and notify, webauthn:extension:credBlob: true, webauthn:extension:largeBlob: true, webauthn:extension:minPinLength: true, webauthn:extension:prf: true, webauthn:virtualAuthenticators: true}
Session ID: 3111a69e66b6b3e08ec86500c6d59122">
      <![CDATA[org.openqa.selenium.TimeoutException: Expected condition failed: waiting for url to contain "https://portal.bobcares.com/plans". Current url: "https://portal.bobcares.com/ticket-add" (tried for 10 second(s) with 500 milliseconds interval)
Build info: version: '4.29.0', revision: '5fc1ec94cb'
System info: os.name: 'Linux', os.arch: 'amd64', os.version: '6.17.0-23-generic', java.version: '21.0.10'
Driver info: org.openqa.selenium.chrome.ChromeDriver
Capabilities {acceptInsecureCerts: false, browserName: chrome, browserVersion: 126.0.6478.126, chrome: {chromedriverVersion: 126.0.6478.182 (5b5d8292ddf..., userDataDir: /tmp/.org.chromium.Chromium...}, fedcm:accounts: true, goog:chromeOptions: {debuggerAddress: localhost:46149}, networkConnectionEnabled: false, pageLoadStrategy: normal, platformName: linux, proxy: Proxy(), se:cdp: ws://localhost:46149/devtoo..., se:cdpVersion: 126.0.6478.126, setWindowRect: true, strictFileInteractability: false, timeouts: {implicit: 0, pageLoad: 300000, script: 30000}, unhandledPromptBehavior: dismiss and notify, webauthn:extension:credBlob: true, webauthn:extension:largeBlob: true, webauthn:extension:minPinLength: true, webauthn:extension:prf: true, webauthn:virtualAuthenticators: true}
Session ID: 3111a69e66b6b3e08ec86500c6d59122
at org.openqa.selenium.support.ui.WebDriverWait.timeoutException(WebDriverWait.java:84)
at org.openqa.selenium.support.ui.FluentWait.until(FluentWait.java:228)
at tests.ServicesPage_Test.view_CloudSupport_PlansRedirection(ServicesPage_Test.java:545)
at java.base/java.util.ArrayList.forEach(ArrayList.java:1596)
... Removed 29 stack frames]]>
    </failure>
  </testcase> <!-- view_CloudSupport_PlansRedirection -->
</testsuite> <!-- Test -->
