<?xml version="1.0" encoding="UTF-8"?>
<testsuite xmlns:xsi="http://www.w3.org/2001/XMLSchema-instance" xsi:noNamespaceSchemaLocation="https://maven.apache.org/surefire/maven-surefire-plugin/xsd/surefire-test-report.xsd" version="3.0.1" name="TestSuite" time="436.479" tests="41" errors="0" skipped="0" failures="1">
  <properties>
[...]
</properties>
  <testcase name="viewServices_Redirection" classname="tests.ServicesPage_Test" time="1.642">
    <system-err><![CDATA[SLF4J: Failed to load class "org.slf4j.impl.StaticLoggerBinder".
SLF4J: Defaulting to no-operation (NOP) logger implementation
SLF4J: See http://www.slf4j.org/codes.html#StaticLoggerBinder for further details.
May 20, 2026 10:14:32 AM org.openqa.selenium.devtools.CdpVersionFinder findNearestMatch
WARNING: Unable to find CDP implementation matching 126
May 20, 2026 10:14:32 AM org.openqa.selenium.chromium.ChromiumDriver lambda$new$4
WARNING: Unable to find version of CDP to use for 126.0.6478.126. You may need to include a dependency on a specific version of the CDP using something similar to `org.seleniumhq.selenium:selenium-devtools-v86:4.29.0` where the version ("v86") matches the version of the chromium-based browser you're using and the version number of the artifact is the same as Selenium's.
]]></system-err>
  </testcase>
  <testcase name="pagination" classname="tests.ServicesPage_Test" time="17.086">
    <system-out><![CDATA[✔ NEXT page clicked successfully
✔ PREVIOUS page clicked successfully
✔ LAST page clicked successfully
✔ FIRST page clicked successfully
]]></system-out>
  </testcase>
  <testcase name="Add_Services_Redirection" classname="tests.ServicesPage_Test" time="1.574">
    <system-out><![CDATA[✔ Add Services Redirected successfully
]]></system-out>
  </testcase>
  <testcase name="viewDashboard_Redirection" classname="tests.ServicesPage_Test" time="3.088">
    <system-out><![CDATA[✔ Dashboard Redirected successfully
]]></system-out>
  </testcase>
  <testcase name="viewServerManagement_Redirection" classname="tests.ServicesPage_Test" time="0.071">
    <system-out><![CDATA[✔ Server Management Plans Redirected successfully
]]></system-out>
  </testcase>
  <testcase name="SeeMoreLink_ServerManagement_Redirection" classname="tests.ServicesPage_Test" time="2.695">
    <system-out><![CDATA[✔ See More-Server Management Plans Redirected successfully
]]></system-out>
  </testcase>
  <testcase name="ServerManagementMonitoringQuarterlyPlanCheck" classname="tests.ServicesPage_Test" time="39.545">
    <system-out><![CDATA[✔ Server Management & Monitoring Quarterly successfully 
]]></system-out>
  </testcase>
  <testcase name="ServerManagementMonitoringAnnuallyPlanCheck" classname="tests.ServicesPage_Test" time="28.039">
    <system-out><![CDATA[✔ Server Management & Monitoring Annually successfully 
]]></system-out>
  </testcase>
  <testcase name="SeeMoreLink_Limitless_Server_Management_Redirection" classname="tests.ServicesPage_Test" time="3.213">
    <system-out><![CDATA[✔ See More-Limitless Server Management Redirected successfully
]]></system-out>
  </testcase>
  <testcase name="Limitless_Server_Management_QuarterlyPlanCheck" classname="tests.ServicesPage_Test" time="26.359">
    <system-out><![CDATA[✔ Limitless Server Management Quarterly successfully 
]]></system-out>
  </testcase>
  <testcase name="Limitless_Server_Management_AnnuallyPlanCheck" classname="tests.ServicesPage_Test" time="27.292">
    <system-out><![CDATA[✔ Limitless Server Management Annually successfully 
]]></system-out>
  </testcase>
  <testcase name="SeeMoreLink_Limitless_Priority_Support_Redirection" classname="tests.ServicesPage_Test" time="3.17">
    <system-out><![CDATA[✔ See More-Limitless Priority Support Redirected successfully
]]></system-out>
  </testcase>
  <testcase name="Limitless_Priority_Support_QuarterlyPlanCheck" classname="tests.ServicesPage_Test" time="25.945">
    <system-out><![CDATA[✔ Limitless Priority Support Quarterly successfully 
]]></system-out>
  </testcase>
  <testcase name="Limitless_Priority_Support_AnnuallyPlanCheck" classname="tests.ServicesPage_Test" time="27.359">
    <system-out><![CDATA[✔ Limitless Priority Support Annually successfully 
]]></system-out>
  </testcase>
  <testcase name="Vulnerability_ScanPlanCheck" classname="tests.ServicesPage_Test" time="23.169">
    <system-out><![CDATA[✔ Vulnerability Scan - Pay As You Go successfully 
]]></system-out>
  </testcase>
  <testcase name="Affordable_MonitoringPlanCheck" classname="tests.ServicesPage_Test" time="24.044">
    <system-out><![CDATA[✔ Affordable Monitoring successfully 
]]></system-out>
  </testcase>
  <testcase name="view_Outsourced_SupportRedirection" classname="tests.ServicesPage_Test" time="0.095">
    <system-out><![CDATA[✔ Outsourced Support Service Redirected successfully
]]></system-out>
  </testcase>
  <testcase name="Request_A_quote_Dedicated_Support_Engineers_Redirection" classname="tests.ServicesPage_Test" time="3.068">
    <system-out><![CDATA[✔ Request a quote - Dedicated Support Engineers Redirected successfully
]]></system-out>
  </testcase>
  <testcase name="RequestAQuote_Dedicated_Support_Engineers_SubjectDisplayCheck" classname="tests.ServicesPage_Test" time="0.018">
    <system-out><![CDATA[✔ Subject displayed successfully - Request A Quote Dedicated Support Engineers
]]></system-out>
  </testcase>
  <testcase name="RequestAQuote_Dedicated_Support_Engineers_MandatoryValidationCheck" classname="tests.ServicesPage_Test" time="2.86">
    <system-out><![CDATA[✔ Validation message displayed successfully- Request A Quote Dedicated Support Engineers
]]></system-out>
  </testcase>
  <testcase name="RequestAQuote_Dedicated_Support_Engineers_FormSubmission" classname="tests.ServicesPage_Test" time="9.009">
    <system-out><![CDATA[✔ Success Page displayed successfully- Request A Quote Dedicated Support Engineers
]]></system-out>
  </testcase>
  <testcase name="RequestAQuote_Dedicated_Support_Engineers_ViewTicket" classname="tests.ServicesPage_Test" time="2.121">
    <system-out><![CDATA[✔ View Ticket- Dedicated_Support_EngineersNote displayed successfully
]]></system-out>
  </testcase>
  <testcase name="Request_A_quote_DedicatedSupportTeamRedirection" classname="tests.ServicesPage_Test" time="5.206">
    <system-out><![CDATA[✔ Request a quote - Dedicated Support Team  Redirected successfully
]]></system-out>
  </testcase>
  <testcase name="RequestAQuote_Dedicated_Support_Team_Subject_MandatoryFieldCheck" classname="tests.ServicesPage_Test" time="4.202">
    <system-out><![CDATA[✔ Subject displayed successfully - Request A Quote Dedicated Support Team
✔ Validation message displayed successfully- Request A Quote Dedicated Support Team
]]></system-out>
  </testcase>
  <testcase name="RequestAQuote_Dedicated_Support_Team_FormSubmission" classname="tests.ServicesPage_Test" time="7.46">
    <system-out><![CDATA[✔ Success Page displayed successfully- Request A Quote Dedicated Support Team
✔ View Ticket- Dedicated_Support Team Note displayed successfully
]]></system-out>
  </testcase>
  <testcase name="Request_A_quote_Semidedicated_SupportRedirection" classname="tests.ServicesPage_Test" time="4.923">
    <system-out><![CDATA[✔ Request a quote -Semi-dedicated Support  Redirected successfully
]]></system-out>
  </testcase>
  <testcase name="RequestAQuote_Semidedicated_Support_Subject_MandatoryFieldCheck" classname="tests.ServicesPage_Test" time="2.349">
    <system-out><![CDATA[✔ Subject displayed successfully - Request A Quote Semi-dedicated Support
✔ Validation message displayed successfully- Request A Quote Semi-dedicated Support
]]></system-out>
  </testcase>
  <testcase name="RequestAQuote_Semidedicated_Support_FormSubmission" classname="tests.ServicesPage_Test" time="6.681">
    <system-out><![CDATA[✔ Success Page displayed successfully- Request A Quote Semi-dedicated Support
✔ View Ticket- Semi-dedicated Support Note displayed successfully
]]></system-out>
  </testcase>
  <testcase name="Request_A_quote_Shared_SupportRedirection" classname="tests.ServicesPage_Test" time="5.951">
    <system-out><![CDATA[✔ Request a quote -Shared Support Redirected successfully
]]></system-out>
  </testcase>
  <testcase name="RequestAQuote_Shared_Support_Subject_MandatoryFieldCheck" classname="tests.ServicesPage_Test" time="2.483">
    <system-out><![CDATA[✔ Subject displayed successfully - Request A Quote Shared Support
✔ Validation message displayed successfully- Request A Quote Shared Support
]]></system-out>
  </testcase>
  <testcase name="RequestAQuote_Shared_Support_FormSubmission" classname="tests.ServicesPage_Test" time="7.271">
    <system-out><![CDATA[✔ Success Page displayed successfully- Request A Quote Shared Support
✔ View Ticket- Shared Support Note displayed successfully
]]></system-out>
  </testcase>
  <testcase name="Request_A_quote_Outsourced_Phone_SupportRedirection" classname="tests.ServicesPage_Test" time="4.136">
    <system-out><![CDATA[✔ Checkout -Outsourced Phone Support successfully
]]></system-out>
  </testcase>
  <testcase name="Minutes_Per_Month_Outsourced_Phone_SupportCheck" classname="tests.ServicesPage_Test" time="23.91">
    <system-out><![CDATA[✔ Phone support minutes/month- Outsourced Phone Support Loaded
]]></system-out>
  </testcase>
  <testcase name="Calls_Per_Month_Outsourced_Phone_SupportCheck" classname="tests.ServicesPage_Test" time="23.796">
    <system-out><![CDATA[✔ Phone Support calls/month - Outsourced Phone Support Loaded
]]></system-out>
  </testcase>
  <testcase name="RequestAQuote_AllIn_One_Hosting_SupportRedirection" classname="tests.ServicesPage_Test" time="5.312">
    <system-out><![CDATA[✔ Request a quote -All In One Hosting Support Redirected successfully
]]></system-out>
  </testcase>
  <testcase name="RequestAQuote_AllIn_One_Hosting_Subject_MandatoryFieldCheck" classname="tests.ServicesPage_Test" time="2.858">
    <system-out><![CDATA[✔ Subject displayed successfully - Request A Quote All In One Hosting Support
✔ Validation message displayed successfully- Request A Quote All In One Hosting Support
]]></system-out>
  </testcase>
  <testcase name="RequestAQuote_AllIn_One_Hosting_FormSubmission" classname="tests.ServicesPage_Test" time="6.271">
    <system-out><![CDATA[✔ Success Page displayed successfully- Request A Quote All In One Hosting Support
✔ View Ticket- All In One Hosting Support Note displayed successfully
]]></system-out>
  </testcase>
  <testcase name="view_CloudSupport_PlansRedirection" classname="tests.ServicesPage_Test" time="4.53">
    <system-out><![CDATA[✔ Redirected to Cloud Support - Request A quote
]]></system-out>
  </testcase>
  <testcase name="RequestAQuote_CloudSupport_Subject_MandatoryFieldCheck" classname="tests.ServicesPage_Test" time="2.586">
    <system-out><![CDATA[✔ Subject displayed successfully - Request A Quote- Cloud Support
✔ Validation message displayed successfully- Request A Quote- Cloud Support
]]></system-out>
  </testcase>
  <testcase name="RequestAQuote_CloudSupport_FormSubmission" classname="tests.ServicesPage_Test" time="6.57">
    <system-out><![CDATA[✔ Success Page displayed successfully- Request A Quote- Cloud Support
✔ View Ticket- Cloud Support- Note displayed successfully
]]></system-out>
  </testcase>
  <testcase name="view_SoftwareDevelopment_Redirection" classname="tests.ServicesPage_Test" time="21.87">
    <failure message="Expected condition failed: waiting for element to be clickable: By.xpath: (//a[@href=&apos;https://portal.bobcares.com/web-dev-design/service-categories&apos;])[1] (tried for 20 second(s) with 500 milliseconds interval)&#10;Build info: version: &apos;4.29.0&apos;, revision: &apos;5fc1ec94cb&apos;&#10;System info: os.name: &apos;Linux&apos;, os.arch: &apos;amd64&apos;, os.version: &apos;6.17.0-23-generic&apos;, java.version: &apos;21.0.10&apos;&#10;Driver info: org.openqa.selenium.chrome.ChromeDriver&#10;Capabilities {acceptInsecureCerts: false, browserName: chrome, browserVersion: 126.0.6478.126, chrome: {chromedriverVersion: 126.0.6478.182 (5b5d8292ddf..., userDataDir: /tmp/.org.chromium.Chromium...}, fedcm:accounts: true, goog:chromeOptions: {debuggerAddress: localhost:39139}, networkConnectionEnabled: false, pageLoadStrategy: normal, platformName: linux, proxy: Proxy(), se:cdp: ws://localhost:39139/devtoo..., se:cdpVersion: 126.0.6478.126, setWindowRect: true, strictFileInteractability: false, timeouts: {implicit: 0, pageLoad: 300000, script: 30000}, unhandledPromptBehavior: dismiss and notify, webauthn:extension:credBlob: true, webauthn:extension:largeBlob: true, webauthn:extension:minPinLength: true, webauthn:extension:prf: true, webauthn:virtualAuthenticators: true}&#10;Session ID: 370a571c6934161f7f9401e426433e6e" type="org.openqa.selenium.TimeoutException"><![CDATA[org.openqa.selenium.TimeoutException: 
Expected condition failed: waiting for element to be clickable: By.xpath: (//a[@href='https://portal.bobcares.com/web-dev-design/service-categories'])[1] (tried for 20 second(s) with 500 milliseconds interval)
Build info: version: '4.29.0', revision: '5fc1ec94cb'
System info: os.name: 'Linux', os.arch: 'amd64', os.version: '6.17.0-23-generic', java.version: '21.0.10'
Driver info: org.openqa.selenium.chrome.ChromeDriver
Capabilities {acceptInsecureCerts: false, browserName: chrome, browserVersion: 126.0.6478.126, chrome: {chromedriverVersion: 126.0.6478.182 (5b5d8292ddf..., userDataDir: /tmp/.org.chromium.Chromium...}, fedcm:accounts: true, goog:chromeOptions: {debuggerAddress: localhost:39139}, networkConnectionEnabled: false, pageLoadStrategy: normal, platformName: linux, proxy: Proxy(), se:cdp: ws://localhost:39139/devtoo..., se:cdpVersion: 126.0.6478.126, setWindowRect: true, strictFileInteractability: false, timeouts: {implicit: 0, pageLoad: 300000, script: 30000}, unhandledPromptBehavior: dismiss and notify, webauthn:extension:credBlob: true, webauthn:extension:largeBlob: true, webauthn:extension:minPinLength: true, webauthn:extension:prf: true, webauthn:virtualAuthenticators: true}
Session ID: 370a571c6934161f7f9401e426433e6e
	at org.openqa.selenium.support.ui.WebDriverWait.timeoutException(WebDriverWait.java:84)
	at org.openqa.selenium.support.ui.FluentWait.until(FluentWait.java:228)
	at pages.ServicesPage.Click_Software_Development(ServicesPage.java:336)
	at tests.ServicesPage_Test.view_SoftwareDevelopment_Redirection(ServicesPage_Test.java:587)
	at java.base/jdk.internal.reflect.DirectMethodHandleAccessor.invoke(DirectMethodHandleAccessor.java:103)
	at java.base/java.lang.reflect.Method.invoke(Method.java:580)
	at org.testng.internal.invokers.MethodInvocationHelper.invokeMethod(MethodInvocationHelper.java:139)
	at org.testng.internal.invokers.TestInvoker.invokeMethod(TestInvoker.java:664)
	at org.testng.internal.invokers.TestInvoker.invokeTestMethod(TestInvoker.java:228)
	at org.testng.internal.invokers.MethodRunner.runInSequence(MethodRunner.java:63)
	at org.testng.internal.invokers.TestInvoker$MethodInvocationAgent.invoke(TestInvoker.java:961)
	at org.testng.internal.invokers.TestInvoker.invokeTestMethods(TestInvoker.java:201)
	at org.testng.internal.invokers.TestMethodWorker.invokeTestMethods(TestMethodWorker.java:148)
	at org.testng.internal.invokers.TestMethodWorker.run(TestMethodWorker.java:128)
	at java.base/java.util.ArrayList.forEach(ArrayList.java:1596)
	at org.testng.TestRunner.privateRun(TestRunner.java:819)
	at org.testng.TestRunner.run(TestRunner.java:619)
	at org.testng.SuiteRunner.runTest(SuiteRunner.java:443)
	at org.testng.SuiteRunner.runSequentially(SuiteRunner.java:437)
	at org.testng.SuiteRunner.privateRun(SuiteRunner.java:397)
	at org.testng.SuiteRunner.run(SuiteRunner.java:336)
	at org.testng.SuiteRunnerWorker.runSuite(SuiteRunnerWorker.java:52)
	at org.testng.SuiteRunnerWorker.run(SuiteRunnerWorker.java:95)
	at org.testng.TestNG.runSuitesSequentially(TestNG.java:1301)
	at org.testng.TestNG.runSuitesLocally(TestNG.java:1228)
	at org.testng.TestNG.runSuites(TestNG.java:1134)
	at org.testng.TestNG.run(TestNG.java:1101)
	at org.apache.maven.surefire.testng.TestNGExecutor.run(TestNGExecutor.java:308)
	at org.apache.maven.surefire.testng.TestNGXmlTestSuite.execute(TestNGXmlTestSuite.java:71)
	at org.apache.maven.surefire.testng.TestNGProvider.invoke(TestNGProvider.java:113)
	at org.apache.maven.surefire.booter.ForkedBooter.runSuitesInProcess(ForkedBooter.java:385)
	at org.apache.maven.surefire.booter.ForkedBooter.execute(ForkedBooter.java:162)
	at org.apache.maven.surefire.booter.ForkedBooter.run(ForkedBooter.java:507)
	at org.apache.maven.surefire.booter.ForkedBooter.main(ForkedBooter.java:495)
]]></failure>
  </testcase>
</testsuite>