<?xml version="1.0" encoding="UTF-8"?>
<testng-results ignored="0" total="10" passed="10" failed="0" skipped="0">
  <reporter-output>
  </reporter-output>
  <suite started-at="2025-11-21T12:38:51 IST" name="Suite" finished-at="2025-11-21T12:40:23 IST" duration-ms="92163">
    <groups>
    </groups>
    <test started-at="2025-11-21T12:38:51 IST" name="Test" finished-at="2025-11-21T12:40:23 IST" duration-ms="92163">
      <class name="tests.PortalLoginTest">
        <test-method is-config="true" signature="setUp()[pri:0, instance:tests.PortalLoginTest@50eac852]" started-at="2025-11-21T12:38:51 IST" name="setUp" finished-at="2025-11-21T12:39:06 IST" duration-ms="15210" status="PASS">
          <reporter-output>
          </reporter-output>
        </test-method> <!-- setUp -->
        <test-method signature="invalidLoginTest1()[pri:1, instance:tests.PortalLoginTest@50eac852]" started-at="2025-11-21T12:39:06 IST" name="invalidLoginTest1" finished-at="2025-11-21T12:39:11 IST" duration-ms="4994" status="PASS">
          <reporter-output>
          </reporter-output>
        </test-method> <!-- invalidLoginTest1 -->
        <test-method signature="invalidLoginTest2()[pri:2, instance:tests.PortalLoginTest@50eac852]" started-at="2025-11-21T12:39:11 IST" name="invalidLoginTest2" finished-at="2025-11-21T12:39:13 IST" duration-ms="1840" status="PASS">
          <reporter-output>
          </reporter-output>
        </test-method> <!-- invalidLoginTest2 -->
        <test-method signature="invalidLoginTest3()[pri:3, instance:tests.PortalLoginTest@50eac852]" started-at="2025-11-21T12:39:13 IST" name="invalidLoginTest3" finished-at="2025-11-21T12:39:17 IST" duration-ms="3900" status="PASS">
          <reporter-output>
          </reporter-output>
        </test-method> <!-- invalidLoginTest3 -->
        <test-method signature="blankEmailLoginTest1()[pri:4, instance:tests.PortalLoginTest@50eac852]" started-at="2025-11-21T12:39:17 IST" name="blankEmailLoginTest1" finished-at="2025-11-21T12:39:19 IST" duration-ms="2107" status="PASS">
          <reporter-output>
          </reporter-output>
        </test-method> <!-- blankEmailLoginTest1 -->
        <test-method signature="blankPasswordLoginTest()[pri:5, instance:tests.PortalLoginTest@50eac852]" started-at="2025-11-21T12:39:19 IST" name="blankPasswordLoginTest" finished-at="2025-11-21T12:39:21 IST" duration-ms="2332" status="PASS">
          <reporter-output>
          </reporter-output>
        </test-method> <!-- blankPasswordLoginTest -->
        <test-method signature="ForgotPasswordLinkRedirection()[pri:6, instance:tests.PortalLoginTest@50eac852]" started-at="2025-11-21T12:39:21 IST" name="ForgotPasswordLinkRedirection" finished-at="2025-11-21T12:39:24 IST" duration-ms="2888" status="PASS">
          <reporter-output>
          </reporter-output>
        </test-method> <!-- ForgotPasswordLinkRedirection -->
        <test-method signature="ForgotPasswordPage_EmptyEmail_Click()[pri:7, instance:tests.PortalLoginTest@50eac852]" started-at="2025-11-21T12:39:24 IST" name="ForgotPasswordPage_EmptyEmail_Click" finished-at="2025-11-21T12:39:29 IST" duration-ms="4948" status="PASS">
          <reporter-output>
          </reporter-output>
        </test-method> <!-- ForgotPasswordPage_EmptyEmail_Click -->
        <test-method signature="ValidloginTest()[pri:8, instance:tests.PortalLoginTest@50eac852]" started-at="2025-11-21T12:39:29 IST" name="ValidloginTest" finished-at="2025-11-21T12:39:40 IST" duration-ms="10838" status="PASS">
          <reporter-output>
          </reporter-output>
        </test-method> <!-- ValidloginTest -->
        <test-method is-config="true" signature="tearDown()[pri:0, instance:tests.PortalLoginTest@50eac852]" started-at="2025-11-21T12:39:40 IST" name="tearDown" finished-at="2025-11-21T12:39:41 IST" duration-ms="1095" status="PASS">
          <reporter-output>
          </reporter-output>
        </test-method> <!-- tearDown -->
      </class> <!-- tests.PortalLoginTest -->
      <class name="tests.ServicesPage_Test">
        <test-method is-config="true" signature="setUp()[pri:0, instance:tests.ServicesPage_Test@3835c46]" started-at="2025-11-21T12:39:41 IST" name="setUp" finished-at="2025-11-21T12:39:54 IST" duration-ms="12839" status="PASS">
          <reporter-output>
          </reporter-output>
        </test-method> <!-- setUp -->
        <test-method signature="viewServices_Redirection()[pri:1, instance:tests.ServicesPage_Test@3835c46]" started-at="2025-11-21T12:39:54 IST" name="viewServices_Redirection" finished-at="2025-11-21T12:40:01 IST" duration-ms="7315" status="PASS">
          <reporter-output>
          </reporter-output>
        </test-method> <!-- viewServices_Redirection -->
        <test-method signature="pagination()[pri:2, instance:tests.ServicesPage_Test@3835c46]" started-at="2025-11-21T12:40:01 IST" name="pagination" finished-at="2025-11-21T12:40:23 IST" duration-ms="21604" status="PASS">
          <reporter-output>
          </reporter-output>
        </test-method> <!-- pagination -->
      </class> <!-- tests.ServicesPage_Test -->
    </test> <!-- Test -->
  </suite> <!-- Suite -->
</testng-results>
