<?xml version="1.0" encoding="UTF-8"?>
<testsuite xmlns:xsi="http://www.w3.org/2001/XMLSchema-instance" xsi:noNamespaceSchemaLocation="https://maven.apache.org/surefire/maven-surefire-plugin/xsd/surefire-test-report.xsd" version="3.0.1" name="TestSuite" time="94.229" tests="10" errors="0" skipped="0" failures="0">
  <properties>
[...]
</properties>
  <testcase name="invalidLoginTest1" classname="tests.PortalLoginTest" time="5.002">
    <system-err><![CDATA[SLF4J: Failed to load class "org.slf4j.impl.StaticLoggerBinder".
SLF4J: Defaulting to no-operation (NOP) logger implementation
SLF4J: See http://www.slf4j.org/codes.html#StaticLoggerBinder for further details.
Nov 21, 2025 12:39:02 PM org.openqa.selenium.devtools.CdpVersionFinder findNearestMatch
WARNING: Unable to find CDP implementation matching 142
Nov 21, 2025 12:39:02 PM org.openqa.selenium.chromium.ChromiumDriver lambda$new$4
WARNING: Unable to find version of CDP to use for 142.0.7444.164. You may need to include a dependency on a specific version of the CDP using something similar to `org.seleniumhq.selenium:selenium-devtools-v86:4.29.0` where the version ("v86") matches the version of the chromium-based browser you're using and the version number of the artifact is the same as Selenium's.
]]></system-err>
  </testcase>
  <testcase name="invalidLoginTest2" classname="tests.PortalLoginTest" time="1.833"/>
  <testcase name="invalidLoginTest3" classname="tests.PortalLoginTest" time="3.908"/>
  <testcase name="blankEmailLoginTest1" classname="tests.PortalLoginTest" time="2.109"/>
  <testcase name="blankPasswordLoginTest" classname="tests.PortalLoginTest" time="2.329"/>
  <testcase name="ForgotPasswordLinkRedirection" classname="tests.PortalLoginTest" time="2.894"/>
  <testcase name="ForgotPasswordPage_EmptyEmail_Click" classname="tests.PortalLoginTest" time="4.99"/>
  <testcase name="ValidloginTest" classname="tests.PortalLoginTest" time="10.837"/>
  <testcase name="viewServices_Redirection" classname="tests.ServicesPage_Test" time="7.363">
    <system-err><![CDATA[Nov 21, 2025 12:39:46 PM org.openqa.selenium.devtools.CdpVersionFinder findNearestMatch
WARNING: Unable to find CDP implementation matching 142
Nov 21, 2025 12:39:46 PM org.openqa.selenium.chromium.ChromiumDriver lambda$new$4
WARNING: Unable to find version of CDP to use for 142.0.7444.164. You may need to include a dependency on a specific version of the CDP using something similar to `org.seleniumhq.selenium:selenium-devtools-v86:4.29.0` where the version ("v86") matches the version of the chromium-based browser you're using and the version number of the artifact is the same as Selenium's.
]]></system-err>
  </testcase>
  <testcase name="pagination" classname="tests.ServicesPage_Test" time="21.596">
    <system-out><![CDATA[✔ NEXT page clicked successfully
✔ PREVIOUS page clicked successfully
Redirected to last page✔ LAST page clicked successfully
✔ FIRST page clicked successfully
]]></system-out>
  </testcase>
</testsuite>