<?xml version="1.0" encoding="UTF-8"?>
<testng-results ignored="0" total="2" passed="2" failed="0" skipped="0">
  <reporter-output>
  </reporter-output>
  <suite started-at="2025-11-21T12:19:20 IST" name="Default suite" finished-at="2025-11-21T12:20:36 IST" duration-ms="75368">
    <groups>
    </groups>
    <test started-at="2025-11-21T12:19:20 IST" name="Default test" finished-at="2025-11-21T12:20:36 IST" duration-ms="75368">
      <class name="tests.ServicesPage_Test">
        <test-method is-config="true" signature="setUp()[pri:0, instance:tests.ServicesPage_Test@74f0ea28]" started-at="2025-11-21T12:19:21 IST" name="setUp" finished-at="2025-11-21T12:19:50 IST" duration-ms="29167" status="PASS">
          <reporter-output>
          </reporter-output>
        </test-method> <!-- setUp -->
        <test-method signature="viewServices_Redirection()[pri:1, instance:tests.ServicesPage_Test@74f0ea28]" started-at="2025-11-21T12:19:50 IST" name="viewServices_Redirection" finished-at="2025-11-21T12:19:52 IST" duration-ms="2613" status="PASS">
          <reporter-output>
          </reporter-output>
        </test-method> <!-- viewServices_Redirection -->
        <test-method signature="pagination()[pri:2, instance:tests.ServicesPage_Test@74f0ea28]" started-at="2025-11-21T12:19:52 IST" name="pagination" finished-at="2025-11-21T12:20:36 IST" duration-ms="43392" status="PASS">
          <reporter-output>
          </reporter-output>
        </test-method> <!-- pagination -->
      </class> <!-- tests.ServicesPage_Test -->
    </test> <!-- Default test -->
  </suite> <!-- Default suite -->
</testng-results>
