<?xml version="1.0" encoding="UTF-8"?>
<testng-results ignored="0" total="4" passed="4" failed="0" skipped="0">
  <reporter-output>
  </reporter-output>
  <suite started-at="2025-11-13T14:49:47 IST" name="Default suite" finished-at="2025-11-13T14:50:18 IST" duration-ms="30429">
    <groups>
    </groups>
    <test started-at="2025-11-13T14:49:47 IST" name="Default test" finished-at="2025-11-13T14:50:18 IST" duration-ms="30429">
      <class name="tests.PortalLoginTest">
        <test-method is-config="true" signature="setUp()[pri:0, instance:tests.PortalLoginTest@35d019a3]" started-at="2025-11-13T14:49:48 IST" name="setUp" finished-at="2025-11-13T14:49:56 IST" duration-ms="8445" status="PASS">
          <reporter-output>
          </reporter-output>
        </test-method> <!-- setUp -->
        <test-method signature="invalidLoginTest1()[pri:1, instance:tests.PortalLoginTest@35d019a3]" started-at="2025-11-13T14:49:56 IST" name="invalidLoginTest1" finished-at="2025-11-13T14:49:57 IST" duration-ms="987" status="PASS">
          <reporter-output>
          </reporter-output>
        </test-method> <!-- invalidLoginTest1 -->
        <test-method signature="invalidLoginTest2()[pri:2, instance:tests.PortalLoginTest@35d019a3]" started-at="2025-11-13T14:49:57 IST" name="invalidLoginTest2" finished-at="2025-11-13T14:50:03 IST" duration-ms="5609" status="PASS">
          <reporter-output>
          </reporter-output>
        </test-method> <!-- invalidLoginTest2 -->
        <test-method signature="invalidLoginTest3()[pri:3, instance:tests.PortalLoginTest@35d019a3]" started-at="2025-11-13T14:50:03 IST" name="invalidLoginTest3" finished-at="2025-11-13T14:50:07 IST" duration-ms="4368" status="PASS">
          <reporter-output>
          </reporter-output>
        </test-method> <!-- invalidLoginTest3 -->
        <test-method signature="ValidloginTest()[pri:4, instance:tests.PortalLoginTest@35d019a3]" started-at="2025-11-13T14:50:07 IST" name="ValidloginTest" finished-at="2025-11-13T14:50:18 IST" duration-ms="10862" status="PASS">
          <reporter-output>
          </reporter-output>
        </test-method> <!-- ValidloginTest -->
      </class> <!-- tests.PortalLoginTest -->
    </test> <!-- Default test -->
  </suite> <!-- Default suite -->
</testng-results>
