<?xml version="1.0" encoding="UTF-8"?>
<!-- Generated by org.testng.reporters.JUnitReportReporter -->
<testsuite hostname="DESKTOP-FJE3I04" failures="0" tests="8" name="tests.PortalLoginTest" time="30.575" errors="0" timestamp="2025-11-21T09:56:19 IST" skipped="0">
  <testcase classname="tests.PortalLoginTest" name="invalidLoginTest1" time="4.628"/>
  <testcase classname="tests.PortalLoginTest" name="invalidLoginTest2" time="1.706"/>
  <testcase classname="tests.PortalLoginTest" name="invalidLoginTest3" time="3.710"/>
  <testcase classname="tests.PortalLoginTest" name="blankEmailLoginTest1" time="1.903"/>
  <testcase classname="tests.PortalLoginTest" name="blankPasswordLoginTest" time="2.130"/>
  <testcase classname="tests.PortalLoginTest" name="ForgotPasswordLinkRedirection" time="2.869"/>
  <testcase classname="tests.PortalLoginTest" name="ForgotPasswordPage_EmptyEmail_Click" time="5.009"/>
  <testcase classname="tests.PortalLoginTest" name="ValidloginTest" time="8.620"/>
</testsuite> <!-- tests.PortalLoginTest -->
