<?xml version="1.0" encoding="UTF-8"?>
<!-- Generated by org.testng.reporters.JUnitReportReporter -->
<testsuite hostname="DESKTOP-FJE3I04" failures="0" tests="4" name="tests.PortalLoginTest" time="21.826" errors="0" timestamp="2025-11-13T14:50:19 IST" skipped="0">
  <testcase classname="tests.PortalLoginTest" name="invalidLoginTest1" time="0.987"/>
  <testcase classname="tests.PortalLoginTest" name="invalidLoginTest2" time="5.609"/>
  <testcase classname="tests.PortalLoginTest" name="invalidLoginTest3" time="4.368"/>
  <testcase classname="tests.PortalLoginTest" name="ValidloginTest" time="10.862"/>
</testsuite> <!-- tests.PortalLoginTest -->
