<?xml version="1.0" encoding="UTF-8"?>
<!-- Generated by org.testng.reporters.JUnitReportReporter -->
<testsuite hostname="DESKTOP-FJE3I04" failures="0" tests="8" name="tests.PortalLoginTest" time="33.847" errors="0" timestamp="2025-11-21T12:40:24 IST" skipped="0">
  <testcase classname="tests.PortalLoginTest" name="invalidLoginTest1" time="4.994"/>
  <testcase classname="tests.PortalLoginTest" name="invalidLoginTest2" time="1.840"/>
  <testcase classname="tests.PortalLoginTest" name="invalidLoginTest3" time="3.900"/>
  <testcase classname="tests.PortalLoginTest" name="blankEmailLoginTest1" time="2.107"/>
  <testcase classname="tests.PortalLoginTest" name="blankPasswordLoginTest" time="2.332"/>
  <testcase classname="tests.PortalLoginTest" name="ForgotPasswordLinkRedirection" time="2.888"/>
  <testcase classname="tests.PortalLoginTest" name="ForgotPasswordPage_EmptyEmail_Click" time="4.948"/>
  <testcase classname="tests.PortalLoginTest" name="ValidloginTest" time="10.838"/>
</testsuite> <!-- tests.PortalLoginTest -->
