<?xml version="1.0" encoding="UTF-8"?>
<!-- Generated by org.testng.reporters.JUnitReportReporter -->
<testsuite hostname="anums" failures="0" tests="8" name="tests.PortalLoginTest" time="111.033" errors="0" timestamp="2026-05-11T15:54:26 IST" skipped="0">
  <testcase classname="tests.PortalLoginTest" name="invalidLoginTest1" time="19.323"/>
  <testcase classname="tests.PortalLoginTest" name="invalidLoginTest2" time="11.387"/>
  <testcase classname="tests.PortalLoginTest" name="invalidLoginTest3" time="24.569"/>
  <testcase classname="tests.PortalLoginTest" name="blankEmailLoginTest1" time="2.544"/>
  <testcase classname="tests.PortalLoginTest" name="blankPasswordLoginTest" time="5.978"/>
  <testcase classname="tests.PortalLoginTest" name="ForgotPasswordLinkRedirection" time="7.395"/>
  <testcase classname="tests.PortalLoginTest" name="ForgotPasswordPage_EmptyEmail_Click" time="7.248"/>
  <testcase classname="tests.PortalLoginTest" name="ValidloginTest" time="32.589"/>
</testsuite> <!-- tests.PortalLoginTest -->
