<?xml version="1.0" encoding="UTF-8"?>
<!-- Generated by org.testng.reporters.JUnitReportReporter -->
<testsuite hostname="anums" failures="0" tests="41" name="tests.ServicesPage_Test" time="419.817" errors="1" timestamp="2026-05-20T10:21:47 IST" skipped="0">
  <testcase classname="tests.ServicesPage_Test" name="viewServices_Redirection" time="1.643"/>
  <testcase classname="tests.ServicesPage_Test" name="pagination" time="17.101"/>
  <testcase classname="tests.ServicesPage_Test" name="Add_Services_Redirection" time="1.574"/>
  <testcase classname="tests.ServicesPage_Test" name="viewDashboard_Redirection" time="3.088"/>
  <testcase classname="tests.ServicesPage_Test" name="viewServerManagement_Redirection" time="0.070"/>
  <testcase classname="tests.ServicesPage_Test" name="SeeMoreLink_ServerManagement_Redirection" time="2.695"/>
  <testcase classname="tests.ServicesPage_Test" name="ServerManagementMonitoringQuarterlyPlanCheck" time="39.543"/>
  <testcase classname="tests.ServicesPage_Test" name="ServerManagementMonitoringAnnuallyPlanCheck" time="28.038"/>
  <testcase classname="tests.ServicesPage_Test" name="SeeMoreLink_Limitless_Server_Management_Redirection" time="3.212"/>
  <testcase classname="tests.ServicesPage_Test" name="Limitless_Server_Management_QuarterlyPlanCheck" time="26.358"/>
  <testcase classname="tests.ServicesPage_Test" name="Limitless_Server_Management_AnnuallyPlanCheck" time="27.292"/>
  <testcase classname="tests.ServicesPage_Test" name="SeeMoreLink_Limitless_Priority_Support_Redirection" time="3.170"/>
  <testcase classname="tests.ServicesPage_Test" name="Limitless_Priority_Support_QuarterlyPlanCheck" time="25.945"/>
  <testcase classname="tests.ServicesPage_Test" name="Limitless_Priority_Support_AnnuallyPlanCheck" time="27.360"/>
  <testcase classname="tests.ServicesPage_Test" name="Vulnerability_ScanPlanCheck" time="23.169"/>
  <testcase classname="tests.ServicesPage_Test" name="Affordable_MonitoringPlanCheck" time="24.044"/>
  <testcase classname="tests.ServicesPage_Test" name="view_Outsourced_SupportRedirection" time="0.094"/>
  <testcase classname="tests.ServicesPage_Test" name="Request_A_quote_Dedicated_Support_Engineers_Redirection" time="3.067"/>
  <testcase classname="tests.ServicesPage_Test" name="RequestAQuote_Dedicated_Support_Engineers_SubjectDisplayCheck" time="0.017"/>
  <testcase classname="tests.ServicesPage_Test" name="RequestAQuote_Dedicated_Support_Engineers_MandatoryValidationCheck" time="2.859"/>
  <testcase classname="tests.ServicesPage_Test" name="RequestAQuote_Dedicated_Support_Engineers_FormSubmission" time="9.008"/>
  <testcase classname="tests.ServicesPage_Test" name="RequestAQuote_Dedicated_Support_Engineers_ViewTicket" time="2.122"/>
  <testcase classname="tests.ServicesPage_Test" name="Request_A_quote_DedicatedSupportTeamRedirection" time="5.207"/>
  <testcase classname="tests.ServicesPage_Test" name="RequestAQuote_Dedicated_Support_Team_Subject_MandatoryFieldCheck" time="4.203"/>
  <testcase classname="tests.ServicesPage_Test" name="RequestAQuote_Dedicated_Support_Team_FormSubmission" time="7.459"/>
  <testcase classname="tests.ServicesPage_Test" name="Request_A_quote_Semidedicated_SupportRedirection" time="4.922"/>
  <testcase classname="tests.ServicesPage_Test" name="RequestAQuote_Semidedicated_Support_Subject_MandatoryFieldCheck" time="2.348"/>
  <testcase classname="tests.ServicesPage_Test" name="RequestAQuote_Semidedicated_Support_FormSubmission" time="6.680"/>
  <testcase classname="tests.ServicesPage_Test" name="Request_A_quote_Shared_SupportRedirection" time="5.950"/>
  <testcase classname="tests.ServicesPage_Test" name="RequestAQuote_Shared_Support_Subject_MandatoryFieldCheck" time="2.482"/>
  <testcase classname="tests.ServicesPage_Test" name="RequestAQuote_Shared_Support_FormSubmission" time="7.270"/>
  <testcase classname="tests.ServicesPage_Test" name="Request_A_quote_Outsourced_Phone_SupportRedirection" time="4.135"/>
  <testcase classname="tests.ServicesPage_Test" name="Minutes_Per_Month_Outsourced_Phone_SupportCheck" time="23.909"/>
  <testcase classname="tests.ServicesPage_Test" name="Calls_Per_Month_Outsourced_Phone_SupportCheck" time="23.795"/>
  <testcase classname="tests.ServicesPage_Test" name="RequestAQuote_AllIn_One_Hosting_SupportRedirection" time="5.311"/>
  <testcase classname="tests.ServicesPage_Test" name="RequestAQuote_AllIn_One_Hosting_Subject_MandatoryFieldCheck" time="2.857"/>
  <testcase classname="tests.ServicesPage_Test" name="RequestAQuote_AllIn_One_Hosting_FormSubmission" time="6.270"/>
  <testcase classname="tests.ServicesPage_Test" name="view_CloudSupport_PlansRedirection" time="4.530"/>
  <testcase classname="tests.ServicesPage_Test" name="RequestAQuote_CloudSupport_Subject_MandatoryFieldCheck" time="2.586"/>
  <testcase classname="tests.ServicesPage_Test" name="RequestAQuote_CloudSupport_FormSubmission" time="6.569"/>
  <testcase classname="tests.ServicesPage_Test" name="view_SoftwareDevelopment_Redirection" time="21.865">
    <error message="Expected condition failed: waiting for element to be clickable: By.xpath: (//a[@href=&#039;https://portal.bobcares.com/web-dev-design/service-categories&#039;])[1] (tried for 20 second(s) with 500 milliseconds interval)
Build info: version: &#039;4.29.0&#039;, revision: &#039;5fc1ec94cb&#039;
System info: os.name: &#039;Linux&#039;, os.arch: &#039;amd64&#039;, os.version: &#039;6.17.0-23-generic&#039;, java.version: &#039;21.0.10&#039;
Driver info: org.openqa.selenium.chrome.ChromeDriver
Capabilities {acceptInsecureCerts: false, browserName: chrome, browserVersion: 126.0.6478.126, chrome: {chromedriverVersion: 126.0.6478.182 (5b5d8292ddf..., userDataDir: /tmp/.org.chromium.Chromium...}, fedcm:accounts: true, goog:chromeOptions: {debuggerAddress: localhost:39139}, networkConnectionEnabled: false, pageLoadStrategy: normal, platformName: linux, proxy: Proxy(), se:cdp: ws://localhost:39139/devtoo..., se:cdpVersion: 126.0.6478.126, setWindowRect: true, strictFileInteractability: false, timeouts: {implicit: 0, pageLoad: 300000, script: 30000}, unhandledPromptBehavior: dismiss and notify, webauthn:extension:credBlob: true, webauthn:extension:largeBlob: true, webauthn:extension:minPinLength: true, webauthn:extension:prf: true, webauthn:virtualAuthenticators: true}
Session ID: 370a571c6934161f7f9401e426433e6e" type="org.openqa.selenium.TimeoutException">
      <![CDATA[org.openqa.selenium.TimeoutException: Expected condition failed: waiting for element to be clickable: By.xpath: (//a[@href='https://portal.bobcares.com/web-dev-design/service-categories'])[1] (tried for 20 second(s) with 500 milliseconds interval)
Build info: version: '4.29.0', revision: '5fc1ec94cb'
System info: os.name: 'Linux', os.arch: 'amd64', os.version: '6.17.0-23-generic', java.version: '21.0.10'
Driver info: org.openqa.selenium.chrome.ChromeDriver
Capabilities {acceptInsecureCerts: false, browserName: chrome, browserVersion: 126.0.6478.126, chrome: {chromedriverVersion: 126.0.6478.182 (5b5d8292ddf..., userDataDir: /tmp/.org.chromium.Chromium...}, fedcm:accounts: true, goog:chromeOptions: {debuggerAddress: localhost:39139}, networkConnectionEnabled: false, pageLoadStrategy: normal, platformName: linux, proxy: Proxy(), se:cdp: ws://localhost:39139/devtoo..., se:cdpVersion: 126.0.6478.126, setWindowRect: true, strictFileInteractability: false, timeouts: {implicit: 0, pageLoad: 300000, script: 30000}, unhandledPromptBehavior: dismiss and notify, webauthn:extension:credBlob: true, webauthn:extension:largeBlob: true, webauthn:extension:minPinLength: true, webauthn:extension:prf: true, webauthn:virtualAuthenticators: true}
Session ID: 370a571c6934161f7f9401e426433e6e
at org.openqa.selenium.support.ui.WebDriverWait.timeoutException(WebDriverWait.java:84)
at org.openqa.selenium.support.ui.FluentWait.until(FluentWait.java:228)
at pages.ServicesPage.Click_Software_Development(ServicesPage.java:336)
at tests.ServicesPage_Test.view_SoftwareDevelopment_Redirection(ServicesPage_Test.java:587)
at java.base/jdk.internal.reflect.DirectMethodHandleAccessor.invoke(DirectMethodHandleAccessor.java:103)
at java.base/java.lang.reflect.Method.invoke(Method.java:580)
at org.testng.internal.invokers.MethodInvocationHelper.invokeMethod(MethodInvocationHelper.java:139)
at org.testng.internal.invokers.TestInvoker.invokeMethod(TestInvoker.java:664)
at org.testng.internal.invokers.TestInvoker.invokeTestMethod(TestInvoker.java:228)
at org.testng.internal.invokers.MethodRunner.runInSequence(MethodRunner.java:63)
at org.testng.internal.invokers.TestInvoker$MethodInvocationAgent.invoke(TestInvoker.java:961)
at org.testng.internal.invokers.TestInvoker.invokeTestMethods(TestInvoker.java:201)
at org.testng.internal.invokers.TestMethodWorker.invokeTestMethods(TestMethodWorker.java:148)
at org.testng.internal.invokers.TestMethodWorker.run(TestMethodWorker.java:128)
at java.base/java.util.ArrayList.forEach(ArrayList.java:1596)
at org.testng.TestRunner.privateRun(TestRunner.java:819)
at org.testng.TestRunner.run(TestRunner.java:619)
at org.testng.SuiteRunner.runTest(SuiteRunner.java:443)
at org.testng.SuiteRunner.runSequentially(SuiteRunner.java:437)
at org.testng.SuiteRunner.privateRun(SuiteRunner.java:397)
at org.testng.SuiteRunner.run(SuiteRunner.java:336)
at org.testng.SuiteRunnerWorker.runSuite(SuiteRunnerWorker.java:52)
at org.testng.SuiteRunnerWorker.run(SuiteRunnerWorker.java:95)
at org.testng.TestNG.runSuitesSequentially(TestNG.java:1301)
at org.testng.TestNG.runSuitesLocally(TestNG.java:1228)
at org.testng.TestNG.runSuites(TestNG.java:1134)
at org.testng.TestNG.run(TestNG.java:1101)
at org.apache.maven.surefire.testng.TestNGExecutor.run(TestNGExecutor.java:308)
at org.apache.maven.surefire.testng.TestNGXmlTestSuite.execute(TestNGXmlTestSuite.java:71)
at org.apache.maven.surefire.testng.TestNGProvider.invoke(TestNGProvider.java:113)
at org.apache.maven.surefire.booter.ForkedBooter.runSuitesInProcess(ForkedBooter.java:385)
at org.apache.maven.surefire.booter.ForkedBooter.execute(ForkedBooter.java:162)
at org.apache.maven.surefire.booter.ForkedBooter.run(ForkedBooter.java:507)
at org.apache.maven.surefire.booter.ForkedBooter.main(ForkedBooter.java:495)
]]>
    </error>
  </testcase> <!-- view_SoftwareDevelopment_Redirection -->
</testsuite> <!-- tests.ServicesPage_Test -->
