<?xml version="1.0" encoding="UTF-8"?>
<!-- Generated by org.testng.reporters.JUnitReportReporter -->
<testsuite hostname="anums" failures="0" tests="41" name="tests.ServicesPage_Test" time="379.883" errors="0" timestamp="2026-05-20T10:59:48 IST" skipped="0">
  <testcase classname="tests.ServicesPage_Test" name="viewServices_Redirection" time="2.008"/>
  <testcase classname="tests.ServicesPage_Test" name="pagination" time="15.827"/>
  <testcase classname="tests.ServicesPage_Test" name="Add_Services_Redirection" time="1.629"/>
  <testcase classname="tests.ServicesPage_Test" name="viewDashboard_Redirection" time="3.091"/>
  <testcase classname="tests.ServicesPage_Test" name="viewServerManagement_Redirection" time="0.078"/>
  <testcase classname="tests.ServicesPage_Test" name="SeeMoreLink_ServerManagement_Redirection" time="2.655"/>
  <testcase classname="tests.ServicesPage_Test" name="ServerManagementMonitoringQuarterlyPlanCheck" time="34.348"/>
  <testcase classname="tests.ServicesPage_Test" name="ServerManagementMonitoringAnnuallyPlanCheck" time="26.997"/>
  <testcase classname="tests.ServicesPage_Test" name="SeeMoreLink_Limitless_Server_Management_Redirection" time="3.025"/>
  <testcase classname="tests.ServicesPage_Test" name="Limitless_Server_Management_QuarterlyPlanCheck" time="30.463"/>
  <testcase classname="tests.ServicesPage_Test" name="Limitless_Server_Management_AnnuallyPlanCheck" time="25.285"/>
  <testcase classname="tests.ServicesPage_Test" name="SeeMoreLink_Limitless_Priority_Support_Redirection" time="3.691"/>
  <testcase classname="tests.ServicesPage_Test" name="Limitless_Priority_Support_QuarterlyPlanCheck" time="25.239"/>
  <testcase classname="tests.ServicesPage_Test" name="Limitless_Priority_Support_AnnuallyPlanCheck" time="25.799"/>
  <testcase classname="tests.ServicesPage_Test" name="Vulnerability_ScanPlanCheck" time="23.025"/>
  <testcase classname="tests.ServicesPage_Test" name="Affordable_MonitoringPlanCheck" time="23.349"/>
  <testcase classname="tests.ServicesPage_Test" name="view_Outsourced_SupportRedirection" time="0.062"/>
  <testcase classname="tests.ServicesPage_Test" name="Request_A_quote_Dedicated_Support_Engineers_Redirection" time="3.141"/>
  <testcase classname="tests.ServicesPage_Test" name="RequestAQuote_Dedicated_Support_Engineers_SubjectDisplayCheck" time="0.020"/>
  <testcase classname="tests.ServicesPage_Test" name="RequestAQuote_Dedicated_Support_Engineers_MandatoryValidationCheck" time="2.723"/>
  <testcase classname="tests.ServicesPage_Test" name="RequestAQuote_Dedicated_Support_Engineers_FormSubmission" time="4.109"/>
  <testcase classname="tests.ServicesPage_Test" name="RequestAQuote_Dedicated_Support_Engineers_ViewTicket" time="2.032"/>
  <testcase classname="tests.ServicesPage_Test" name="Request_A_quote_DedicatedSupportTeamRedirection" time="4.336"/>
  <testcase classname="tests.ServicesPage_Test" name="RequestAQuote_Dedicated_Support_Team_Subject_MandatoryFieldCheck" time="2.244"/>
  <testcase classname="tests.ServicesPage_Test" name="RequestAQuote_Dedicated_Support_Team_FormSubmission" time="6.252"/>
  <testcase classname="tests.ServicesPage_Test" name="Request_A_quote_Semidedicated_SupportRedirection" time="5.085"/>
  <testcase classname="tests.ServicesPage_Test" name="RequestAQuote_Semidedicated_Support_Subject_MandatoryFieldCheck" time="2.472"/>
  <testcase classname="tests.ServicesPage_Test" name="RequestAQuote_Semidedicated_Support_FormSubmission" time="5.936"/>
  <testcase classname="tests.ServicesPage_Test" name="Request_A_quote_Shared_SupportRedirection" time="5.006"/>
  <testcase classname="tests.ServicesPage_Test" name="RequestAQuote_Shared_Support_Subject_MandatoryFieldCheck" time="2.297"/>
  <testcase classname="tests.ServicesPage_Test" name="RequestAQuote_Shared_Support_FormSubmission" time="5.724"/>
  <testcase classname="tests.ServicesPage_Test" name="Request_A_quote_Outsourced_Phone_SupportRedirection" time="3.719"/>
  <testcase classname="tests.ServicesPage_Test" name="Minutes_Per_Month_Outsourced_Phone_SupportCheck" time="22.915"/>
  <testcase classname="tests.ServicesPage_Test" name="Calls_Per_Month_Outsourced_Phone_SupportCheck" time="23.558"/>
  <testcase classname="tests.ServicesPage_Test" name="RequestAQuote_AllIn_One_Hosting_SupportRedirection" time="5.047"/>
  <testcase classname="tests.ServicesPage_Test" name="RequestAQuote_AllIn_One_Hosting_Subject_MandatoryFieldCheck" time="2.407"/>
  <testcase classname="tests.ServicesPage_Test" name="RequestAQuote_AllIn_One_Hosting_FormSubmission" time="6.222"/>
  <testcase classname="tests.ServicesPage_Test" name="view_CloudSupport_PlansRedirection" time="5.134"/>
  <testcase classname="tests.ServicesPage_Test" name="RequestAQuote_CloudSupport_Subject_MandatoryFieldCheck" time="2.737"/>
  <testcase classname="tests.ServicesPage_Test" name="RequestAQuote_CloudSupport_FormSubmission" time="6.221"/>
  <testcase classname="tests.ServicesPage_Test" name="view_SoftwareDevelopment_Redirection" time="3.975"/>
</testsuite> <!-- tests.ServicesPage_Test -->
